<?xml version="1.0" encoding="UTF-8"?>
<!-- Generated by org.testng.reporters.JUnitReportReporter -->
<testsuite hostname="Balanathan" failures="0" tests="4" name="testcases.LoginPageTest" time="119.650" errors="0" timestamp="2022-04-27T11:21:11 IST" skipped="0">
  <testcase classname="testcases.LoginPageTest" name="LoginPageTitleTest" time="17.002"/>
  <system-out/>
  <testcase classname="testcases.LoginPageTest" name="LoginPageImageVerification" time="24.999"/>
  <system-out/>
  <testcase classname="testcases.LoginPageTest" name="ForgotPasswordImageVerification" time="60.933"/>
  <system-out/>
  <testcase classname="testcases.LoginPageTest" name="LoginTest" time="16.716"/>
  <system-out/>
</testsuite> <!-- testcases.LoginPageTest -->
