<?xml version="1.0" encoding="UTF-8"?>
<!-- Generated by org.testng.reporters.JUnitReportReporter -->
<testsuite hostname="test" name="testcases.WorkClassesPageT1Test" tests="1" failures="0" timestamp="24 Mar 2022 09:42:07 GMT" time="34.856" errors="0">
  <testcase name="PayrollEntryPageLaunch" time="34.856" classname="testcases.WorkClassesPageT1Test"/>
</testsuite> <!-- testcases.WorkClassesPageT1Test -->
