<?xml version="1.0" encoding="UTF-8"?>
<!-- Generated by org.testng.reporters.JUnitReportReporter -->
<testsuite hostname="test" name="testcases.LoginPageT1Test" tests="1" failures="0" timestamp="4 Apr 2022 09:01:24 GMT" time="25.873" errors="0">
  <testcase name="LoginTestT1" time="25.873" classname="testcases.LoginPageT1Test"/>
</testsuite> <!-- testcases.LoginPageT1Test -->
