<?xml version="1.0" encoding="UTF-8"?>
<!-- Generated by org.testng.reporters.JUnitReportReporter -->
<testsuite hostname="test" name="testcases.HomePageT1Test" tests="3" failures="0" timestamp="22 Mar 2022 09:25:16 GMT" time="93.970" errors="0">
  <testcase name="HomePageImage" time="38.514" classname="testcases.HomePageT1Test"/>
  <testcase name="HomePageSection" time="26.115" classname="testcases.HomePageT1Test"/>
  <testcase name="ProjectSelection" time="29.341" classname="testcases.HomePageT1Test"/>
</testsuite> <!-- testcases.HomePageT1Test -->
