<?xml version="1.0" encoding="UTF-8"?>
<!-- Generated by org.testng.reporters.JUnitReportReporter -->
<testsuite hostname="test" name="testcases.SubcontractorPageTest" tests="1" failures="0" timestamp="4 Apr 2022 07:24:54 GMT" time="181.151" errors="0">
  <testcase name="AddNewSubcontractor" time="181.151" classname="testcases.SubcontractorPageTest"/>
</testsuite> <!-- testcases.SubcontractorPageTest -->
