<?xml version="1.0" encoding="UTF-8"?>
<!-- Generated by org.testng.reporters.JUnitReportReporter -->
<testsuite hostname="test" name="testcases.LoginPageTest" tests="1" failures="0" timestamp="15 Apr 2022 12:44:53 GMT" time="26.476" errors="0">
  <testcase name="LoginTest" time="26.476" classname="testcases.LoginPageTest"/>
</testsuite> <!-- testcases.LoginPageTest -->
