<?xml version="1.0" encoding="UTF-8"?>
<!-- Generated by org.testng.reporters.JUnitReportReporter -->
<testsuite hostname="test" name="testcases.DashboardPageT1Test" tests="1" failures="0" timestamp="22 Mar 2022 13:21:17 GMT" time="35.123" errors="0">
  <testcase name="DashboardPageSection10" time="35.123" classname="testcases.DashboardPageT1Test"/>
</testsuite> <!-- testcases.DashboardPageT1Test -->
