<?xml version="1.0" encoding="UTF-8"?>
<!-- Generated by org.testng.reporters.JUnitReportReporter -->
<testsuite hostname="test" name="testcases.DeleteTest" tests="1" failures="0" timestamp="17 Mar 2022 12:16:41 GMT" time="122.668" errors="0">
  <testcase name="SubcontractorDeletion" time="122.668" classname="testcases.DeleteTest"/>
</testsuite> <!-- testcases.DeleteTest -->
